Build started 05/05/2017 06:49:02 p. m..
     1>Project "C:\Users\Armando\Documents\Visual Studio 2013\Projects\DIMyRCMAA\PRACTICA3\PRACTICA3.vcxproj" on node 4 (Rebuild target(s)).
     1>ClCompile:
         C:\Program Files (x86)\Microsoft Visual Studio 12.0\VC\bin\CL.exe /c /I"../../external/glm-0.9.5.2/glm" /I"../../external/glew-1.10.0-win32/glew-1.10.0/include" /I"../../external/glfw-3.1.bin.WIN32/include" /I"../../external/assimp-3.1.1/include" /I"../../external/freetype-2.3.5-1-bin/include" /I"../../external/freetype-2.3.5-1-bin/include/freetype2" /I../../external/FreeImage3170/FreeImage/Source /I../../external/AntTweakBar/include /I"../../external/cegui-0.8.7/cegui/include" /ZI /nologo /W3 /WX- /sdl /Od /Oy- /D WIN32 /D _DEBUG /D _CONSOLE /D _LIB /D _CRT_SECURE_NO_WARNINGS /D _UNICODE /D UNICODE /Gm /EHsc /RTC1 /MDd /GS /fp:precise /Zc:wchar_t /Zc:forScope /Fo"Debug\\" /Fd"Debug\vc120.pdb" /Gd /TP /analyze- /errorReport:prompt src\GLApplication.cpp src\GLFWManager.cpp src\InputManager.cpp src\main.cpp src\Mesh.cpp src\Model.cpp src\Shader.cpp src\Sphere.cpp src\Texture.cpp src\TimeManager.cpp
         TimeManager.cpp
         Texture.cpp
         Sphere.cpp
     1>c:\users\armando\documents\visual studio 2013\projects\dimyrcmaa\practica3\src\sphere.cpp(42): warning C4244: 'initializing' : conversion from 'double' to 'float', possible loss of data
     1>c:\users\armando\documents\visual studio 2013\projects\dimyrcmaa\practica3\src\sphere.cpp(46): warning C4244: 'initializing' : conversion from 'double' to 'float', possible loss of data
         Shader.cpp
         Model.cpp
         Mesh.cpp
         main.cpp
     1>c:\users\armando\documents\visual studio 2013\projects\dimyrcmaa\practica3\src\headers\inputmanager.h(87): warning C4244: 'argument' : conversion from 'double' to 'const int', possible loss of data
         InputManager.cpp
     1>c:\users\armando\documents\visual studio 2013\projects\dimyrcmaa\practica3\src\headers\inputmanager.h(87): warning C4244: 'argument' : conversion from 'double' to 'const int', possible loss of data
     1>c:\users\armando\documents\visual studio 2013\projects\dimyrcmaa\practica3\src\inputmanager.cpp(50): warning C4800: 'State' : forcing value to bool 'true' or 'false' (performance warning)
     1>c:\users\armando\documents\visual studio 2013\projects\dimyrcmaa\practica3\src\inputmanager.cpp(59): warning C4244: '=' : conversion from 'float' to 'int', possible loss of data
     1>c:\users\armando\documents\visual studio 2013\projects\dimyrcmaa\practica3\src\inputmanager.cpp(60): warning C4244: '=' : conversion from 'float' to 'int', possible loss of data
     1>c:\users\armando\documents\visual studio 2013\projects\dimyrcmaa\practica3\src\inputmanager.cpp(71): warning C4244: '=' : conversion from 'float' to 'int', possible loss of data
     1>c:\users\armando\documents\visual studio 2013\projects\dimyrcmaa\practica3\src\inputmanager.cpp(72): warning C4244: '=' : conversion from 'float' to 'int', possible loss of data
     1>c:\users\armando\documents\visual studio 2013\projects\dimyrcmaa\practica3\src\inputmanager.cpp(73): warning C4800: 'State' : forcing value to bool 'true' or 'false' (performance warning)
         GLFWManager.cpp
     1>c:\users\armando\documents\visual studio 2013\projects\dimyrcmaa\practica3\src\headers\inputmanager.h(87): warning C4244: 'argument' : conversion from 'double' to 'const int', possible loss of data
     1>c:\users\armando\documents\visual studio 2013\projects\dimyrcmaa\practica3\src\glfwmanager.cpp(79): warning C4244: 'argument' : conversion from 'double' to 'float', possible loss of data
     1>c:\users\armando\documents\visual studio 2013\projects\dimyrcmaa\practica3\src\glfwmanager.cpp(104): warning C4244: 'argument' : conversion from 'double' to 'float', possible loss of data
     1>c:\users\armando\documents\visual studio 2013\projects\dimyrcmaa\practica3\src\glfwmanager.cpp(108): warning C4244: 'argument' : conversion from 'double' to 'float', possible loss of data
     1>c:\users\armando\documents\visual studio 2013\projects\dimyrcmaa\practica3\src\glfwmanager.cpp(116): warning C4244: 'argument' : conversion from 'double' to 'float', possible loss of data
         GLApplication.cpp
     1>c:\users\armando\documents\visual studio 2013\projects\dimyrcmaa\practica3\src\headers\inputmanager.h(87): warning C4244: 'argument' : conversion from 'double' to 'const int', possible loss of data
         Generating Code...
     1>c:\users\armando\documents\visual studio 2013\projects\dimyrcmaa\practica3\src\inputmanager.cpp(47): warning C4715: 'InputManager::toMouseButtonIndex' : not all control paths return a value
     1>c:\users\armando\documents\visual studio 2013\projects\dimyrcmaa\practica3\src\inputmanager.cpp(27): warning C4715: 'InputManager::toApplicationKey' : not all control paths return a value
     1>c:\users\armando\documents\visual studio 2013\projects\dimyrcmaa\practica3\src\inputmanager.cpp(36): warning C4715: 'InputManager::toApplicationState' : not all control paths return a value
       Link:
         C:\Program Files (x86)\Microsoft Visual Studio 12.0\VC\bin\link.exe /ERRORREPORT:PROMPT /OUT:"C:\Users\Armando\Documents\Visual Studio 2013\Projects\DIMyRCMAA\Debug\PRACTICA3.exe" /INCREMENTAL /NOLOGO /LIBPATH:"../../external/glew-1.10.0-win32/glew-1.10.0/lib/Release/Win32" /LIBPATH:"../../external/glfw-3.1.bin.WIN32/lib-vc2012" /LIBPATH:"../../external/assimp-3.1.1/build/code/Debug" /LIBPATH:../../external/FreeImage3170/FreeImage/Dist/x32 /LIBPATH:"../../external/freetype-2.3.5-1-bin/lib" /LIBPATH:../../external/AntTweakBar/lib /LIBPATH:"../../external/cegui-0.8.7/build/lib" glew32.lib glfw3.lib opengl32.lib glu32.lib assimpd.lib FreeImaged.lib freetype.lib AntTweakBar.lib "CEGUIBase-0_d.lib" "CEGUIOpenGLRenderer-0_d.lib" CEGUICoreWindowRendererSet_d.lib CEGUISILLYImageCodec_d.lib CEGUIExpatParser_d.lib kernel32.lib user32.lib gdi32.lib winspool.lib comdlg32.lib advapi32.lib shell32.lib ole32.lib oleaut32.lib uuid.lib odbc32.lib odbccp32.lib /MANIFEST /MANIFESTUAC:"level='asInvoker' uiAccess='false'" /manifest:embed /DEBUG /PDB:"C:\Users\Armando\Documents\Visual Studio 2013\Projects\DIMyRCMAA\Debug\PRACTICA3.pdb" /SUBSYSTEM:CONSOLE /TLBID:1 /DYNAMICBASE /NXCOMPAT /IMPLIB:"C:\Users\Armando\Documents\Visual Studio 2013\Projects\DIMyRCMAA\Debug\PRACTICA3.lib" /MACHINE:X86 Debug\GLApplication.obj
         Debug\GLFWManager.obj
         Debug\InputManager.obj
         Debug\main.obj
         Debug\Mesh.obj
         Debug\Model.obj
         Debug\Shader.obj
         Debug\Sphere.obj
         Debug\Texture.obj
         Debug\TimeManager.obj
     1>LINK : warning LNK4098: defaultlib 'MSVCRT' conflicts with use of other libs; use /NODEFAULTLIB:library
         PRACTICA3.vcxproj -> C:\Users\Armando\Documents\Visual Studio 2013\Projects\DIMyRCMAA\Debug\PRACTICA3.exe
     1>Done Building Project "C:\Users\Armando\Documents\Visual Studio 2013\Projects\DIMyRCMAA\PRACTICA3\PRACTICA3.vcxproj" (Rebuild target(s)).

Build succeeded.

Time Elapsed 00:00:09.00
