c:\users\armando\documents\visual studio 2013\projects\dimyrcmaa\practica3\debug\vc120.pdb
c:\users\armando\documents\visual studio 2013\projects\dimyrcmaa\practica3\debug\vc120.idb
c:\users\armando\documents\visual studio 2013\projects\dimyrcmaa\practica3\debug\glapplication.obj
c:\users\armando\documents\visual studio 2013\projects\dimyrcmaa\practica3\debug\glfwmanager.obj
c:\users\armando\documents\visual studio 2013\projects\dimyrcmaa\practica3\debug\inputmanager.obj
c:\users\armando\documents\visual studio 2013\projects\dimyrcmaa\practica3\debug\main.obj
c:\users\armando\documents\visual studio 2013\projects\dimyrcmaa\practica3\debug\mesh.obj
c:\users\armando\documents\visual studio 2013\projects\dimyrcmaa\practica3\debug\model.obj
c:\users\armando\documents\visual studio 2013\projects\dimyrcmaa\practica3\debug\shader.obj
c:\users\armando\documents\visual studio 2013\projects\dimyrcmaa\practica3\debug\sphere.obj
c:\users\armando\documents\visual studio 2013\projects\dimyrcmaa\practica3\debug\texture.obj
c:\users\armando\documents\visual studio 2013\projects\dimyrcmaa\practica3\debug\timemanager.obj
c:\users\armando\documents\visual studio 2013\projects\dimyrcmaa\debug\practica3.ilk
c:\users\armando\documents\visual studio 2013\projects\dimyrcmaa\debug\practica3.exe
c:\users\armando\documents\visual studio 2013\projects\dimyrcmaa\debug\practica3.pdb
c:\users\armando\documents\visual studio 2013\projects\dimyrcmaa\practica3\debug\practica3.tlog\cl.command.1.tlog
c:\users\armando\documents\visual studio 2013\projects\dimyrcmaa\practica3\debug\practica3.tlog\cl.read.1.tlog
c:\users\armando\documents\visual studio 2013\projects\dimyrcmaa\practica3\debug\practica3.tlog\cl.write.1.tlog
c:\users\armando\documents\visual studio 2013\projects\dimyrcmaa\practica3\debug\practica3.tlog\link.command.1.tlog
c:\users\armando\documents\visual studio 2013\projects\dimyrcmaa\practica3\debug\practica3.tlog\link.read.1.tlog
c:\users\armando\documents\visual studio 2013\projects\dimyrcmaa\practica3\debug\practica3.tlog\link.write.1.tlog
